c:\users\think\desktop\compilers 8152\a12\dublin\dublinscanner\x64\debug\vc143.pdb
c:\users\think\desktop\compilers 8152\a12\dublin\dublinscanner\x64\debug\vc143.idb
c:\users\think\desktop\compilers 8152\a12\dublin\dublinscanner\x64\debug\scanner.obj
c:\users\think\desktop\compilers 8152\a12\dublin\dublinscanner\x64\debug\reader.obj
c:\users\think\desktop\compilers 8152\a12\dublin\dublinscanner\x64\debug\parser.obj
c:\users\think\desktop\compilers 8152\a12\dublin\dublinscanner\x64\debug\mainscanner.obj
c:\users\think\desktop\compilers 8152\a12\dublin\dublinscanner\x64\debug\mainreader.obj
c:\users\think\desktop\compilers 8152\a12\dublin\dublinscanner\x64\debug\mainparser.obj
c:\users\think\desktop\compilers 8152\a12\dublin\dublinscanner\x64\debug\compilers.obj
c:\users\think\desktop\compilers 8152\a12\dublin\dublinscanner\x64\debug\dublinparser.pdb
c:\users\think\desktop\compilers 8152\a12\dublin\dublinscanner\x64\debug\dublinparser.tlog\cl.command.1.tlog
c:\users\think\desktop\compilers 8152\a12\dublin\dublinscanner\x64\debug\dublinparser.tlog\cl.read.1.tlog
c:\users\think\desktop\compilers 8152\a12\dublin\dublinscanner\x64\debug\dublinparser.tlog\cl.write.1.tlog
c:\users\think\desktop\compilers 8152\a12\dublin\dublinscanner\x64\debug\dublinparser.tlog\link-cvtres.read.1.tlog
c:\users\think\desktop\compilers 8152\a12\dublin\dublinscanner\x64\debug\dublinparser.tlog\link-cvtres.write.1.tlog
c:\users\think\desktop\compilers 8152\a12\dublin\dublinscanner\x64\debug\dublinparser.tlog\link-rc.read.1.tlog
c:\users\think\desktop\compilers 8152\a12\dublin\dublinscanner\x64\debug\dublinparser.tlog\link-rc.write.1.tlog
c:\users\think\desktop\compilers 8152\a12\dublin\dublinscanner\x64\debug\dublinparser.tlog\link.command.1.tlog
c:\users\think\desktop\compilers 8152\a12\dublin\dublinscanner\x64\debug\dublinparser.tlog\link.read.1.tlog
c:\users\think\desktop\compilers 8152\a12\dublin\dublinscanner\x64\debug\dublinparser.tlog\link.read.2.tlog
c:\users\think\desktop\compilers 8152\a12\dublin\dublinscanner\x64\debug\dublinparser.tlog\link.write.1.tlog
