 
												  
    ...........DUBLIN LANGUAGE ............	            
											            
      ________       ___     __   __			            
      \______ \  ____\  |__ |  | |__| ____		        
       |    |  \|  |  \ __ \|  | |  |/    \	        
       |    |   \  |  / \_\ \  |_|  |   |  \	        
      /_________/____/|____ /____/__|___|  /		        
      _____________________________________		        

                  ***        ***				         
              ***....**    **...***                   
             **........** **.......**                 
      ***    **..........*.........**    ***          
    **.....**  **..................**  **.....**      
  **.........**  **..............**  **.........**    
  **.........**  **..............**  **.........**    
  **.........**  **..............**  **.........**    
 *..............*   *..........*   *..............*   
  **..............*   *......*   *..............**    
    **..............** *....* **..............**      
      *......................................*        
    **..............**........**..............**      
  **..............*    *....*....*..............**    
 *..............*    *........* ...*..............*   
  **.........**    *............* ...**.........**    
    **.....**   **...............**....**.....**      
       ***    **...................**.....***         
            **...........*...........**....*          
             **.........* *.........** *......*..*..* 
               *......**   **......*     *........*   
                 **  *       * **           *...*     
                                               *      
                                                      
 ............ ALGONQUIN COLLEGE - 2022F ............. 
 ____________________________________________________ 

[Option 'P': Starting PARSER .....]

Reading file INPUT0_Empty.dub ....Please wait

Parsing the source file...

Dublin: Source file parsed

Collecting garbage...
